[main] 2021-08-18 21:38:24 INFO  com.app.Main  - 
 Welcome To Reliable Online shopping Menu Driven Console Based App 
[main] 2021-08-18 21:38:24 INFO  com.app.Main  - ========================================================================
[main] 2021-08-18 21:38:24 INFO  com.app.Main  -  ________________________________
[main] 2021-08-18 21:38:24 INFO  com.app.Main  - |1) login as customer            |
[main] 2021-08-18 21:38:24 INFO  com.app.Main  - |2) Login as Employee            |
[main] 2021-08-18 21:38:24 INFO  com.app.Main  - |3) New User.? Register yourself |
[main] 2021-08-18 21:38:24 INFO  com.app.Main  - |4) Exit                         |
[main] 2021-08-18 21:38:24 INFO  com.app.Main  - |________________________________|
[main] 2021-08-18 21:38:24 INFO  com.app.Main  - Please enter your choice(1-6)
[main] 2021-08-18 21:38:30 INFO  com.app.Main  - Enter Employee Id
[main] 2021-08-18 21:38:34 INFO  com.app.Main  - Enter your password
[main] 2021-08-18 21:38:41 INFO  com.app.Main  - 
 Welcome to Employee Menu 
[main] 2021-08-18 21:38:41 INFO  com.app.Main  - ===============================
[main] 2021-08-18 21:38:41 INFO  com.app.Main  - |1) Add a New Product                 |
[main] 2021-08-18 21:38:41 INFO  com.app.Main  - |2) Search Existing Customer          |
[main] 2021-08-18 21:38:41 INFO  com.app.Main  - |3) Logout                            |
[main] 2021-08-18 21:38:41 INFO  com.app.Main  - _______________________________________
[main] 2021-08-18 21:38:41 INFO  com.app.Main  - Enter your choice
[main] 2021-08-18 21:38:46 INFO  com.app.Main  - 
 Logging out 
[main] 2021-08-18 21:38:46 INFO  com.app.Main  -  ________________________________
[main] 2021-08-18 21:38:46 INFO  com.app.Main  - |1) login as customer            |
[main] 2021-08-18 21:38:46 INFO  com.app.Main  - |2) Login as Employee            |
[main] 2021-08-18 21:38:46 INFO  com.app.Main  - |3) New User.? Register yourself |
[main] 2021-08-18 21:38:46 INFO  com.app.Main  - |4) Exit                         |
[main] 2021-08-18 21:38:46 INFO  com.app.Main  - |________________________________|
[main] 2021-08-18 21:38:46 INFO  com.app.Main  - Please enter your choice(1-6)
[main] 2021-08-18 21:39:23 INFO  com.app.Main  - 
 Welcome To Reliable Online shopping Menu Driven Console Based App 
[main] 2021-08-18 21:39:23 INFO  com.app.Main  - ========================================================================
[main] 2021-08-18 21:39:23 INFO  com.app.Main  -  ________________________________
[main] 2021-08-18 21:39:23 INFO  com.app.Main  - |1) login as customer            |
[main] 2021-08-18 21:39:23 INFO  com.app.Main  - |2) Login as Employee            |
[main] 2021-08-18 21:39:23 INFO  com.app.Main  - |3) New User.? Register yourself |
[main] 2021-08-18 21:39:23 INFO  com.app.Main  - |4) Exit                         |
[main] 2021-08-18 21:39:23 INFO  com.app.Main  - |________________________________|
[main] 2021-08-18 21:39:23 INFO  com.app.Main  - Please enter your choice(1-6)
[main] 2021-08-18 21:39:51 INFO  com.app.Main  - 
 Welcome To Reliable Online shopping Menu Driven Console Based App 
[main] 2021-08-18 21:39:51 INFO  com.app.Main  - ========================================================================
[main] 2021-08-18 21:39:51 INFO  com.app.Main  -  ________________________________
[main] 2021-08-18 21:39:51 INFO  com.app.Main  - |1) login as customer            |
[main] 2021-08-18 21:39:51 INFO  com.app.Main  - |2) Login as Employee            |
[main] 2021-08-18 21:39:51 INFO  com.app.Main  - |3) New User.? Register yourself |
[main] 2021-08-18 21:39:51 INFO  com.app.Main  - |4) Exit                         |
[main] 2021-08-18 21:39:51 INFO  com.app.Main  - |________________________________|
[main] 2021-08-18 21:39:51 INFO  com.app.Main  - Please enter your choice(1-4)
[main] 2021-08-18 21:40:08 INFO  com.app.Main  - 
 Welcome To Reliable Online shopping Menu Driven Console Based App 
[main] 2021-08-18 21:40:08 INFO  com.app.Main  - ========================================================================
[main] 2021-08-18 21:40:08 INFO  com.app.Main  -  ________________________________
[main] 2021-08-18 21:40:08 INFO  com.app.Main  - |1) login as customer            |
[main] 2021-08-18 21:40:08 INFO  com.app.Main  - |2) Login as Employee            |
[main] 2021-08-18 21:40:08 INFO  com.app.Main  - |3) New User.? Register yourself |
[main] 2021-08-18 21:40:08 INFO  com.app.Main  - |4) Exit                         |
[main] 2021-08-18 21:40:08 INFO  com.app.Main  - |________________________________|
[main] 2021-08-18 21:40:08 INFO  com.app.Main  - Please enter your choice Between (1-4)
[main] 2021-08-18 21:40:20 INFO  com.app.Main  - Enter Employee Id
[main] 2021-08-18 21:40:33 INFO  com.app.Main  - Enter your password
[main] 2021-08-18 21:40:38 INFO  com.app.Main  - 
 Welcome to Employee Menu 
[main] 2021-08-18 21:40:38 INFO  com.app.Main  - ===============================
[main] 2021-08-18 21:40:38 INFO  com.app.Main  - |1) Add a New Product                 |
[main] 2021-08-18 21:40:38 INFO  com.app.Main  - |2) Search Existing Customer          |
[main] 2021-08-18 21:40:38 INFO  com.app.Main  - |3) Logout                            |
[main] 2021-08-18 21:40:38 INFO  com.app.Main  - _______________________________________
[main] 2021-08-18 21:40:38 INFO  com.app.Main  - Enter your choice
[main] 2021-08-18 21:41:07 INFO  com.app.Main  - 
 Logging out 
[main] 2021-08-18 21:41:07 INFO  com.app.Main  - 
 Welcome To Reliable Online shopping Menu Driven Console Based App 
[main] 2021-08-18 21:41:07 INFO  com.app.Main  - ========================================================================
[main] 2021-08-18 21:41:07 INFO  com.app.Main  -  ________________________________
[main] 2021-08-18 21:41:07 INFO  com.app.Main  - |1) login as customer            |
[main] 2021-08-18 21:41:07 INFO  com.app.Main  - |2) Login as Employee            |
[main] 2021-08-18 21:41:07 INFO  com.app.Main  - |3) New User.? Register yourself |
[main] 2021-08-18 21:41:07 INFO  com.app.Main  - |4) Exit                         |
[main] 2021-08-18 21:41:07 INFO  com.app.Main  - |________________________________|
[main] 2021-08-18 21:41:07 INFO  com.app.Main  - Please enter your choice Between (1-4)
[main] 2021-08-19 00:36:00 INFO  com.app.Main  - 
 Welcome To Reliable Online shopping Menu Driven Console Based App 
[main] 2021-08-19 00:36:00 INFO  com.app.Main  - ========================================================================
[main] 2021-08-19 00:36:00 INFO  com.app.Main  -  ________________________________
[main] 2021-08-19 00:36:00 INFO  com.app.Main  - |1) login as customer            |
[main] 2021-08-19 00:36:00 INFO  com.app.Main  - |2) Login as Employee            |
[main] 2021-08-19 00:36:00 INFO  com.app.Main  - |3) New User.? Register yourself |
[main] 2021-08-19 00:36:00 INFO  com.app.Main  - |4) Exit                         |
[main] 2021-08-19 00:36:00 INFO  com.app.Main  - |________________________________|
[main] 2021-08-19 00:36:00 INFO  com.app.Main  - Please enter your choice Between (1-4)
[main] 2021-08-19 00:36:21 INFO  com.app.Main  - Enter Employee Id
[main] 2021-08-19 00:36:26 INFO  com.app.Main  - Enter your password
[main] 2021-08-19 00:36:32 INFO  com.app.Main  - 
 Welcome to Employee Menu 
[main] 2021-08-19 00:36:32 INFO  com.app.Main  - ===============================
[main] 2021-08-19 00:36:32 INFO  com.app.Main  - |1) Add a New Product                 |
[main] 2021-08-19 00:36:32 INFO  com.app.Main  - |2) Search Existing Customer          |
[main] 2021-08-19 00:36:32 INFO  com.app.Main  - |3) Logout                            |
[main] 2021-08-19 00:36:32 INFO  com.app.Main  - _______________________________________
[main] 2021-08-19 00:36:32 INFO  com.app.Main  - Enter your choice
[main] 2021-08-19 00:36:36 INFO  com.app.Main  - Enter Product Name
[main] 2021-08-19 00:37:10 INFO  com.app.Main  - Enter Product Price 
[main] 2021-08-19 00:37:42 WARN  com.app.Main  - Invalid Product name or product price
[main] 2021-08-19 00:37:42 INFO  com.app.Main  - 
 Welcome to Employee Menu 
[main] 2021-08-19 00:37:42 INFO  com.app.Main  - ===============================
[main] 2021-08-19 00:37:42 INFO  com.app.Main  - |1) Add a New Product                 |
[main] 2021-08-19 00:37:42 INFO  com.app.Main  - |2) Search Existing Customer          |
[main] 2021-08-19 00:37:42 INFO  com.app.Main  - |3) Logout                            |
[main] 2021-08-19 00:37:42 INFO  com.app.Main  - _______________________________________
[main] 2021-08-19 00:37:42 INFO  com.app.Main  - Enter your choice
[main] 2021-08-19 00:41:10 INFO  com.app.Main  - 
 Welcome To Reliable Online shopping Menu Driven Console Based App 
[main] 2021-08-19 00:41:10 INFO  com.app.Main  - ========================================================================
[main] 2021-08-19 00:41:10 INFO  com.app.Main  -  ________________________________
[main] 2021-08-19 00:41:10 INFO  com.app.Main  - |1) login as customer            |
[main] 2021-08-19 00:41:10 INFO  com.app.Main  - |2) Login as Employee            |
[main] 2021-08-19 00:41:10 INFO  com.app.Main  - |3) New User.? Register yourself |
[main] 2021-08-19 00:41:10 INFO  com.app.Main  - |4) Exit                         |
[main] 2021-08-19 00:41:10 INFO  com.app.Main  - |________________________________|
[main] 2021-08-19 00:41:10 INFO  com.app.Main  - Please enter your choice Between (1-4)
[main] 2021-08-19 00:41:22 INFO  com.app.Main  - Enter Employee Id
[main] 2021-08-19 00:41:26 INFO  com.app.Main  - Enter your password
[main] 2021-08-19 00:41:30 INFO  com.app.Main  - 
 Welcome to Employee Menu 
[main] 2021-08-19 00:41:30 INFO  com.app.Main  - ===============================
[main] 2021-08-19 00:41:30 INFO  com.app.Main  - |1) Add a New Product                 |
[main] 2021-08-19 00:41:30 INFO  com.app.Main  - |2) Search Existing Customer          |
[main] 2021-08-19 00:41:30 INFO  com.app.Main  - |3) Logout                            |
[main] 2021-08-19 00:41:30 INFO  com.app.Main  - _______________________________________
[main] 2021-08-19 00:41:30 INFO  com.app.Main  - Enter your choice
[main] 2021-08-19 00:41:35 INFO  com.app.Main  - Enter Product Name
[main] 2021-08-19 00:42:28 INFO  com.app.Main  - 
 Welcome To Reliable Online shopping Menu Driven Console Based App 
[main] 2021-08-19 00:42:28 INFO  com.app.Main  - ========================================================================
[main] 2021-08-19 00:42:28 INFO  com.app.Main  -  ________________________________
[main] 2021-08-19 00:42:28 INFO  com.app.Main  - |1) login as customer            |
[main] 2021-08-19 00:42:28 INFO  com.app.Main  - |2) Login as Employee            |
[main] 2021-08-19 00:42:28 INFO  com.app.Main  - |3) New User.? Register yourself |
[main] 2021-08-19 00:42:28 INFO  com.app.Main  - |4) Exit                         |
[main] 2021-08-19 00:42:28 INFO  com.app.Main  - |________________________________|
[main] 2021-08-19 00:42:28 INFO  com.app.Main  - Please enter your choice Between (1-4)
[main] 2021-08-19 00:42:38 INFO  com.app.Main  - Enter Employee Id
[main] 2021-08-19 00:42:41 INFO  com.app.Main  - Enter your password
[main] 2021-08-19 00:42:54 INFO  com.app.Main  - 
 Welcome to Employee Menu 
[main] 2021-08-19 00:42:54 INFO  com.app.Main  - ===============================
[main] 2021-08-19 00:42:54 INFO  com.app.Main  - |1) Add a New Product                 |
[main] 2021-08-19 00:42:54 INFO  com.app.Main  - |2) Search Existing Customer          |
[main] 2021-08-19 00:42:54 INFO  com.app.Main  - |3) Logout                            |
[main] 2021-08-19 00:42:54 INFO  com.app.Main  - _______________________________________
[main] 2021-08-19 00:42:54 INFO  com.app.Main  - Enter your choice
[main] 2021-08-19 00:42:57 INFO  com.app.Main  - Enter Product Name
[main] 2021-08-19 00:43:43 INFO  com.app.Main  - Enter Product Price 
[main] 2021-08-19 00:43:54 WARN  com.app.Main  - Invalid Product name or product price
[main] 2021-08-19 00:43:54 INFO  com.app.Main  - 
 Welcome to Employee Menu 
[main] 2021-08-19 00:43:54 INFO  com.app.Main  - ===============================
[main] 2021-08-19 00:43:54 INFO  com.app.Main  - |1) Add a New Product                 |
[main] 2021-08-19 00:43:54 INFO  com.app.Main  - |2) Search Existing Customer          |
[main] 2021-08-19 00:43:54 INFO  com.app.Main  - |3) Logout                            |
[main] 2021-08-19 00:43:54 INFO  com.app.Main  - _______________________________________
[main] 2021-08-19 00:43:54 INFO  com.app.Main  - Enter your choice
[main] 2021-08-19 00:47:06 INFO  com.app.Main  - 
 Welcome To Reliable Online shopping Menu Driven Console Based App 
[main] 2021-08-19 00:47:06 INFO  com.app.Main  - ========================================================================
[main] 2021-08-19 00:47:06 INFO  com.app.Main  -  ________________________________
[main] 2021-08-19 00:47:06 INFO  com.app.Main  - |1) login as customer            |
[main] 2021-08-19 00:47:06 INFO  com.app.Main  - |2) Login as Employee            |
[main] 2021-08-19 00:47:06 INFO  com.app.Main  - |3) New User.? Register yourself |
[main] 2021-08-19 00:47:06 INFO  com.app.Main  - |4) Exit                         |
[main] 2021-08-19 00:47:06 INFO  com.app.Main  - |________________________________|
[main] 2021-08-19 00:47:06 INFO  com.app.Main  - Please enter your choice Between (1-4)
[main] 2021-08-19 00:47:16 INFO  com.app.Main  - Enter Employee Id
[main] 2021-08-19 00:47:20 INFO  com.app.Main  - Enter your password
[main] 2021-08-19 00:47:24 INFO  com.app.Main  - 
 Welcome to Employee Menu 
[main] 2021-08-19 00:47:24 INFO  com.app.Main  - ===============================
[main] 2021-08-19 00:47:24 INFO  com.app.Main  - |1) Add a New Product                 |
[main] 2021-08-19 00:47:24 INFO  com.app.Main  - |2) Search Existing Customer          |
[main] 2021-08-19 00:47:24 INFO  com.app.Main  - |3) Logout                            |
[main] 2021-08-19 00:47:24 INFO  com.app.Main  - _______________________________________
[main] 2021-08-19 00:47:24 INFO  com.app.Main  - Enter your choice
[main] 2021-08-19 00:47:27 INFO  com.app.Main  - Enter Product Name
[main] 2021-08-19 00:47:35 INFO  com.app.Main  - Enter Product Price 
[main] 2021-08-19 00:51:04 INFO  com.app.Main  - 
 Welcome To Reliable Online shopping Menu Driven Console Based App 
[main] 2021-08-19 00:51:04 INFO  com.app.Main  - ========================================================================
[main] 2021-08-19 00:51:04 INFO  com.app.Main  -  ________________________________
[main] 2021-08-19 00:51:04 INFO  com.app.Main  - |1) login as customer            |
[main] 2021-08-19 00:51:04 INFO  com.app.Main  - |2) Login as Employee            |
[main] 2021-08-19 00:51:04 INFO  com.app.Main  - |3) New User.? Register yourself |
[main] 2021-08-19 00:51:04 INFO  com.app.Main  - |4) Exit                         |
[main] 2021-08-19 00:51:04 INFO  com.app.Main  - |________________________________|
[main] 2021-08-19 00:51:04 INFO  com.app.Main  - Please enter your choice Between (1-4)
[main] 2021-08-19 00:51:13 INFO  com.app.Main  - Enter Employee Id
[main] 2021-08-19 00:51:16 INFO  com.app.Main  - Enter your password
[main] 2021-08-19 00:51:19 INFO  com.app.Main  - 
 Welcome to Employee Menu 
[main] 2021-08-19 00:51:19 INFO  com.app.Main  - ===============================
[main] 2021-08-19 00:51:19 INFO  com.app.Main  - |1) Add a New Product                 |
[main] 2021-08-19 00:51:19 INFO  com.app.Main  - |2) Search Existing Customer          |
[main] 2021-08-19 00:51:19 INFO  com.app.Main  - |3) Logout                            |
[main] 2021-08-19 00:51:19 INFO  com.app.Main  - _______________________________________
[main] 2021-08-19 00:51:19 INFO  com.app.Main  - Enter your choice
[main] 2021-08-19 00:51:21 INFO  com.app.Main  - Enter Product Name
[main] 2021-08-19 00:51:30 INFO  com.app.Main  - Enter Product Price 
[main] 2021-08-19 01:00:42 INFO  com.app.Main  - 
 Welcome To Reliable Online shopping Menu Driven Console Based App 
[main] 2021-08-19 01:00:42 INFO  com.app.Main  - ========================================================================
[main] 2021-08-19 01:00:42 INFO  com.app.Main  -  ________________________________
[main] 2021-08-19 01:00:42 INFO  com.app.Main  - |1) login as customer            |
[main] 2021-08-19 01:00:42 INFO  com.app.Main  - |2) Login as Employee            |
[main] 2021-08-19 01:00:42 INFO  com.app.Main  - |3) New User.? Register yourself |
[main] 2021-08-19 01:00:42 INFO  com.app.Main  - |4) Exit                         |
[main] 2021-08-19 01:00:42 INFO  com.app.Main  - |________________________________|
[main] 2021-08-19 01:00:42 INFO  com.app.Main  - Please enter your choice Between (1-4)
[main] 2021-08-19 01:00:46 INFO  com.app.Main  - Enter Employee Id
[main] 2021-08-19 01:00:49 INFO  com.app.Main  - Enter your password
[main] 2021-08-19 01:00:55 INFO  com.app.Main  - 
 Welcome To Reliable Online shopping Menu Driven Console Based App 
[main] 2021-08-19 01:00:55 INFO  com.app.Main  - ========================================================================
[main] 2021-08-19 01:00:55 INFO  com.app.Main  -  ________________________________
[main] 2021-08-19 01:00:55 INFO  com.app.Main  - |1) login as customer            |
[main] 2021-08-19 01:00:55 INFO  com.app.Main  - |2) Login as Employee            |
[main] 2021-08-19 01:00:55 INFO  com.app.Main  - |3) New User.? Register yourself |
[main] 2021-08-19 01:00:55 INFO  com.app.Main  - |4) Exit                         |
[main] 2021-08-19 01:00:55 INFO  com.app.Main  - |________________________________|
[main] 2021-08-19 01:00:55 INFO  com.app.Main  - Please enter your choice Between (1-4)
[main] 2021-08-19 01:01:15 INFO  com.app.Main  - Enter Employee Id
[main] 2021-08-19 01:01:18 INFO  com.app.Main  - Enter your password
[main] 2021-08-19 01:01:45 INFO  com.app.Main  - 
 Welcome to Employee Menu 
[main] 2021-08-19 01:01:45 INFO  com.app.Main  - ===============================
[main] 2021-08-19 01:01:45 INFO  com.app.Main  - |1) Add a New Product                 |
[main] 2021-08-19 01:01:45 INFO  com.app.Main  - |2) Search Existing Customer          |
[main] 2021-08-19 01:01:45 INFO  com.app.Main  - |3) Logout                            |
[main] 2021-08-19 01:01:45 INFO  com.app.Main  - _______________________________________
[main] 2021-08-19 01:01:45 INFO  com.app.Main  - Enter your choice
[main] 2021-08-19 01:01:51 INFO  com.app.Main  - Enter Product Name
[main] 2021-08-19 01:02:01 INFO  com.app.Main  - Enter Product Price 
[main] 2021-08-19 01:02:06 WARN  com.app.service.impl.ProductAddServiceImpl  - There is no Product added Some Internal error
[main] 2021-08-19 01:02:06 INFO  com.app.Main  - 
 Welcome to Employee Menu 
[main] 2021-08-19 01:02:06 INFO  com.app.Main  - ===============================
[main] 2021-08-19 01:02:06 INFO  com.app.Main  - |1) Add a New Product                 |
[main] 2021-08-19 01:02:06 INFO  com.app.Main  - |2) Search Existing Customer          |
[main] 2021-08-19 01:02:06 INFO  com.app.Main  - |3) Logout                            |
[main] 2021-08-19 01:02:06 INFO  com.app.Main  - _______________________________________
[main] 2021-08-19 01:02:06 INFO  com.app.Main  - Enter your choice
[main] 2021-08-19 09:16:17 INFO  com.app.Main  - 
 Welcome To Reliable Online shopping Menu Driven Console Based App 
[main] 2021-08-19 09:16:17 INFO  com.app.Main  - ========================================================================
[main] 2021-08-19 09:16:17 INFO  com.app.Main  -  ________________________________
[main] 2021-08-19 09:16:17 INFO  com.app.Main  - |1) login as customer            |
[main] 2021-08-19 09:16:17 INFO  com.app.Main  - |2) Login as Employee            |
[main] 2021-08-19 09:16:17 INFO  com.app.Main  - |3) New User.? Register yourself |
[main] 2021-08-19 09:16:17 INFO  com.app.Main  - |4) Exit                         |
[main] 2021-08-19 09:16:17 INFO  com.app.Main  - |________________________________|
[main] 2021-08-19 09:16:17 INFO  com.app.Main  - Please enter your choice Between (1-4)
[main] 2021-08-19 09:16:39 INFO  com.app.Main  - Enter Employee Id
[main] 2021-08-19 09:16:45 INFO  com.app.Main  - Enter your password
[main] 2021-08-19 09:16:57 INFO  com.app.Main  - 
 Welcome to Employee Menu 
[main] 2021-08-19 09:16:57 INFO  com.app.Main  - ===============================
[main] 2021-08-19 09:16:57 INFO  com.app.Main  - |1) Add a New Product                 |
[main] 2021-08-19 09:16:57 INFO  com.app.Main  - |2) Search Existing Customer          |
[main] 2021-08-19 09:16:57 INFO  com.app.Main  - |3) Logout                            |
[main] 2021-08-19 09:16:57 INFO  com.app.Main  - _______________________________________
[main] 2021-08-19 09:16:57 INFO  com.app.Main  - Enter your choice
[main] 2021-08-19 09:17:20 INFO  com.app.Main  - Enter Product Name
[main] 2021-08-19 09:17:34 INFO  com.app.Main  - Enter Product Price 
[main] 2021-08-19 09:17:39 WARN  com.app.service.impl.ProductAddServiceImpl  - There is no Product added Some Internal error
[main] 2021-08-19 09:17:39 INFO  com.app.Main  - 
 Welcome to Employee Menu 
[main] 2021-08-19 09:17:39 INFO  com.app.Main  - ===============================
[main] 2021-08-19 09:17:39 INFO  com.app.Main  - |1) Add a New Product                 |
[main] 2021-08-19 09:17:39 INFO  com.app.Main  - |2) Search Existing Customer          |
[main] 2021-08-19 09:17:39 INFO  com.app.Main  - |3) Logout                            |
[main] 2021-08-19 09:17:39 INFO  com.app.Main  - _______________________________________
[main] 2021-08-19 09:17:39 INFO  com.app.Main  - Enter your choice
[main] 2021-08-19 11:46:21 INFO  com.app.Main  - 
 Welcome To Reliable Online shopping Menu Driven Console Based App 
[main] 2021-08-19 11:46:21 INFO  com.app.Main  - ========================================================================
[main] 2021-08-19 11:46:21 INFO  com.app.Main  -  ________________________________
[main] 2021-08-19 11:46:21 INFO  com.app.Main  - |1) login as customer            |
[main] 2021-08-19 11:46:21 INFO  com.app.Main  - |2) Login as Employee            |
[main] 2021-08-19 11:46:21 INFO  com.app.Main  - |3) New User.? Register yourself |
[main] 2021-08-19 11:46:21 INFO  com.app.Main  - |4) Exit                         |
[main] 2021-08-19 11:46:21 INFO  com.app.Main  - |________________________________|
[main] 2021-08-19 11:46:21 INFO  com.app.Main  - Please enter your choice Between (1-4)
[main] 2021-08-19 11:46:32 INFO  com.app.Main  - Enter Employee Id
[main] 2021-08-19 11:46:35 INFO  com.app.Main  - Enter your password
[main] 2021-08-19 11:46:55 INFO  com.app.Main  - 
 Welcome to Employee Menu 
[main] 2021-08-19 11:46:55 INFO  com.app.Main  - ===============================
[main] 2021-08-19 11:46:55 INFO  com.app.Main  - |1) Add a New Product                 |
[main] 2021-08-19 11:46:55 INFO  com.app.Main  - |2) Search Existing Customer          |
[main] 2021-08-19 11:46:55 INFO  com.app.Main  - |3) Logout                            |
[main] 2021-08-19 11:46:55 INFO  com.app.Main  - _______________________________________
[main] 2021-08-19 11:46:55 INFO  com.app.Main  - Enter your choice
[main] 2021-08-19 11:47:03 INFO  com.app.Main  - Enter Product Name
[main] 2021-08-19 11:47:12 INFO  com.app.Main  - Enter Product Price 
[main] 2021-08-19 11:47:21 WARN  com.app.service.impl.ProductAddServiceImpl  - There is no Product added Some Internal error
[main] 2021-08-19 11:47:21 INFO  com.app.Main  - 
 Welcome to Employee Menu 
[main] 2021-08-19 11:47:21 INFO  com.app.Main  - ===============================
[main] 2021-08-19 11:47:21 INFO  com.app.Main  - |1) Add a New Product                 |
[main] 2021-08-19 11:47:21 INFO  com.app.Main  - |2) Search Existing Customer          |
[main] 2021-08-19 11:47:21 INFO  com.app.Main  - |3) Logout                            |
[main] 2021-08-19 11:47:21 INFO  com.app.Main  - _______________________________________
[main] 2021-08-19 11:47:21 INFO  com.app.Main  - Enter your choice
[main] 2021-08-19 11:53:34 INFO  com.app.Main  - 
 Welcome To Reliable Online shopping Menu Driven Console Based App 
[main] 2021-08-19 11:53:34 INFO  com.app.Main  - ========================================================================
[main] 2021-08-19 11:53:34 INFO  com.app.Main  -  ________________________________
[main] 2021-08-19 11:53:34 INFO  com.app.Main  - |1) login as customer            |
[main] 2021-08-19 11:53:34 INFO  com.app.Main  - |2) Login as Employee            |
[main] 2021-08-19 11:53:34 INFO  com.app.Main  - |3) New User.? Register yourself |
[main] 2021-08-19 11:53:34 INFO  com.app.Main  - |4) Exit                         |
[main] 2021-08-19 11:53:34 INFO  com.app.Main  - |________________________________|
[main] 2021-08-19 11:53:34 INFO  com.app.Main  - Please enter your choice Between (1-4)
[main] 2021-08-19 11:53:37 INFO  com.app.Main  - Enter Employee Id
[main] 2021-08-19 11:53:42 INFO  com.app.Main  - Enter your password
[main] 2021-08-19 11:53:46 INFO  com.app.Main  - 
 Welcome to Employee Menu 
[main] 2021-08-19 11:53:46 INFO  com.app.Main  - ===============================
[main] 2021-08-19 11:53:46 INFO  com.app.Main  - |1) Add a New Product                 |
[main] 2021-08-19 11:53:46 INFO  com.app.Main  - |2) Search Existing Customer          |
[main] 2021-08-19 11:53:46 INFO  com.app.Main  - |3) Logout                            |
[main] 2021-08-19 11:53:46 INFO  com.app.Main  - _______________________________________
[main] 2021-08-19 11:53:46 INFO  com.app.Main  - Enter your choice
[main] 2021-08-19 11:53:48 INFO  com.app.Main  - Enter Product Name
[main] 2021-08-19 11:53:55 INFO  com.app.Main  - Enter Product Price 
[main] 2021-08-19 11:54:04 WARN  com.app.service.impl.ProductAddServiceImpl  - There is no Product added Some Internal error
[main] 2021-08-19 11:54:04 INFO  com.app.Main  - 
 Welcome to Employee Menu 
[main] 2021-08-19 11:54:04 INFO  com.app.Main  - ===============================
[main] 2021-08-19 11:54:04 INFO  com.app.Main  - |1) Add a New Product                 |
[main] 2021-08-19 11:54:04 INFO  com.app.Main  - |2) Search Existing Customer          |
[main] 2021-08-19 11:54:04 INFO  com.app.Main  - |3) Logout                            |
[main] 2021-08-19 11:54:04 INFO  com.app.Main  - _______________________________________
[main] 2021-08-19 11:54:04 INFO  com.app.Main  - Enter your choice
[main] 2021-08-19 11:56:51 INFO  com.app.Main  - 
 Welcome To Reliable Online shopping Menu Driven Console Based App 
[main] 2021-08-19 11:56:51 INFO  com.app.Main  - ========================================================================
[main] 2021-08-19 11:56:51 INFO  com.app.Main  -  ________________________________
[main] 2021-08-19 11:56:51 INFO  com.app.Main  - |1) login as customer            |
[main] 2021-08-19 11:56:51 INFO  com.app.Main  - |2) Login as Employee            |
[main] 2021-08-19 11:56:51 INFO  com.app.Main  - |3) New User.? Register yourself |
[main] 2021-08-19 11:56:51 INFO  com.app.Main  - |4) Exit                         |
[main] 2021-08-19 11:56:51 INFO  com.app.Main  - |________________________________|
[main] 2021-08-19 11:56:51 INFO  com.app.Main  - Please enter your choice Between (1-4)
[main] 2021-08-19 11:56:54 INFO  com.app.Main  - Enter Employee Id
[main] 2021-08-19 11:56:58 INFO  com.app.Main  - Enter your password
[main] 2021-08-19 11:57:00 INFO  com.app.Main  - 
 Welcome to Employee Menu 
[main] 2021-08-19 11:57:00 INFO  com.app.Main  - ===============================
[main] 2021-08-19 11:57:00 INFO  com.app.Main  - |1) Add a New Product                 |
[main] 2021-08-19 11:57:00 INFO  com.app.Main  - |2) Search Existing Customer          |
[main] 2021-08-19 11:57:00 INFO  com.app.Main  - |3) Logout                            |
[main] 2021-08-19 11:57:00 INFO  com.app.Main  - _______________________________________
[main] 2021-08-19 11:57:00 INFO  com.app.Main  - Enter your choice
[main] 2021-08-19 11:57:04 INFO  com.app.Main  - Enter Product Name
[main] 2021-08-19 11:57:12 INFO  com.app.Main  - Enter Product Price 
[main] 2021-08-19 12:12:09 INFO  com.app.Main  - 
 Welcome To Reliable Online shopping Menu Driven Console Based App 
[main] 2021-08-19 12:12:09 INFO  com.app.Main  - ========================================================================
[main] 2021-08-19 12:12:09 INFO  com.app.Main  -  ________________________________
[main] 2021-08-19 12:12:09 INFO  com.app.Main  - |1) login as customer            |
[main] 2021-08-19 12:12:09 INFO  com.app.Main  - |2) Login as Employee            |
[main] 2021-08-19 12:12:09 INFO  com.app.Main  - |3) New User.? Register yourself |
[main] 2021-08-19 12:12:09 INFO  com.app.Main  - |4) Exit                         |
[main] 2021-08-19 12:12:09 INFO  com.app.Main  - |________________________________|
[main] 2021-08-19 12:12:09 INFO  com.app.Main  - Please enter your choice Between (1-4)
[main] 2021-08-19 12:12:11 INFO  com.app.Main  - Enter Employee Id
[main] 2021-08-19 12:12:14 INFO  com.app.Main  - Enter your password
[main] 2021-08-19 12:12:19 INFO  com.app.Main  - 
 Welcome to Employee Menu 
[main] 2021-08-19 12:12:19 INFO  com.app.Main  - ===============================
[main] 2021-08-19 12:12:19 INFO  com.app.Main  - |1) Add a New Product                 |
[main] 2021-08-19 12:12:19 INFO  com.app.Main  - |2) Search Existing Customer          |
[main] 2021-08-19 12:12:19 INFO  com.app.Main  - |3) Logout                            |
[main] 2021-08-19 12:12:19 INFO  com.app.Main  - _______________________________________
[main] 2021-08-19 12:12:19 INFO  com.app.Main  - Enter your choice
[main] 2021-08-19 12:12:23 INFO  com.app.Main  - Enter Product Name
[main] 2021-08-19 12:12:29 INFO  com.app.Main  - Enter Product Price 
[main] 2021-08-19 12:12:35 INFO  com.app.Main  - Product added succesfully
[main] 2021-08-19 12:12:35 INFO  com.app.Main  - 
 Welcome to Employee Menu 
[main] 2021-08-19 12:12:35 INFO  com.app.Main  - ===============================
[main] 2021-08-19 12:12:35 INFO  com.app.Main  - |1) Add a New Product                 |
[main] 2021-08-19 12:12:35 INFO  com.app.Main  - |2) Search Existing Customer          |
[main] 2021-08-19 12:12:35 INFO  com.app.Main  - |3) Logout                            |
[main] 2021-08-19 12:12:35 INFO  com.app.Main  - _______________________________________
[main] 2021-08-19 12:12:35 INFO  com.app.Main  - Enter your choice
[main] 2021-08-19 15:51:59 INFO  com.app.Main  - 
 Welcome To Reliable Online shopping Menu Driven Console Based App 
[main] 2021-08-19 15:51:59 INFO  com.app.Main  - ========================================================================
[main] 2021-08-19 15:51:59 INFO  com.app.Main  -  ________________________________
[main] 2021-08-19 15:51:59 INFO  com.app.Main  - |1) login as customer            |
[main] 2021-08-19 15:51:59 INFO  com.app.Main  - |2) Login as Employee            |
[main] 2021-08-19 15:51:59 INFO  com.app.Main  - |3) New User.? Register yourself |
[main] 2021-08-19 15:51:59 INFO  com.app.Main  - |4) Exit                         |
[main] 2021-08-19 15:51:59 INFO  com.app.Main  - |________________________________|
[main] 2021-08-19 15:51:59 INFO  com.app.Main  - Please enter your choice Between (1-4)
[main] 2021-08-19 15:52:08 INFO  com.app.Main  - Enter your Email
[main] 2021-08-19 15:52:17 INFO  com.app.Main  - Invalid Email ID
[main] 2021-08-19 15:52:17 INFO  com.app.Main  - 
 Welcome To Reliable Online shopping Menu Driven Console Based App 
[main] 2021-08-19 15:52:17 INFO  com.app.Main  - ========================================================================
[main] 2021-08-19 15:52:17 INFO  com.app.Main  -  ________________________________
[main] 2021-08-19 15:52:17 INFO  com.app.Main  - |1) login as customer            |
[main] 2021-08-19 15:52:17 INFO  com.app.Main  - |2) Login as Employee            |
[main] 2021-08-19 15:52:17 INFO  com.app.Main  - |3) New User.? Register yourself |
[main] 2021-08-19 15:52:17 INFO  com.app.Main  - |4) Exit                         |
[main] 2021-08-19 15:52:17 INFO  com.app.Main  - |________________________________|
[main] 2021-08-19 15:52:17 INFO  com.app.Main  - Please enter your choice Between (1-4)
[main] 2021-08-19 15:52:21 INFO  com.app.Main  - Enter your Email
[main] 2021-08-19 15:52:30 INFO  com.app.Main  - Enter your password
[main] 2021-08-19 15:52:35 INFO  com.app.Main  - 
   Welcome to Maine Menu of App
[main] 2021-08-19 15:52:35 INFO  com.app.Main  - =========================================
[main] 2021-08-19 15:52:35 INFO  com.app.Main  - |1) View Products   |
[main] 2021-08-19 15:52:35 INFO  com.app.Main  - |2) Go to Cart      |
[main] 2021-08-19 15:52:35 INFO  com.app.Main  - |3) Check Order     |
[main] 2021-08-19 15:52:35 INFO  com.app.Main  - |4) Logout          |
[main] 2021-08-19 15:52:35 INFO  com.app.Main  - |___________________|
[main] 2021-08-19 15:52:35 INFO  com.app.Main  - |Enter your choice  |
[main] 2021-08-19 15:52:39 INFO  com.app.service.impl.ProductViewServiceImpl  - Internal Error occured
[main] 2021-08-19 16:08:51 INFO  com.app.Main  - 
 Welcome To Reliable Online shopping Menu Driven Console Based App 
[main] 2021-08-19 16:08:51 INFO  com.app.Main  - ========================================================================
[main] 2021-08-19 16:08:51 INFO  com.app.Main  -  ________________________________
[main] 2021-08-19 16:08:51 INFO  com.app.Main  - |1) login as customer            |
[main] 2021-08-19 16:08:51 INFO  com.app.Main  - |2) Login as Employee            |
[main] 2021-08-19 16:08:51 INFO  com.app.Main  - |3) New User.? Register yourself |
[main] 2021-08-19 16:08:51 INFO  com.app.Main  - |4) Exit                         |
[main] 2021-08-19 16:08:51 INFO  com.app.Main  - |________________________________|
[main] 2021-08-19 16:08:51 INFO  com.app.Main  - Please enter your choice Between (1-4)
[main] 2021-08-19 16:09:04 INFO  com.app.Main  - Enter your Email
[main] 2021-08-19 16:09:15 INFO  com.app.Main  - Enter your password
[main] 2021-08-19 16:09:19 INFO  com.app.Main  - 
   Welcome to Maine Menu of App
[main] 2021-08-19 16:09:19 INFO  com.app.Main  - =========================================
[main] 2021-08-19 16:09:19 INFO  com.app.Main  - |1) View Products   |
[main] 2021-08-19 16:09:19 INFO  com.app.Main  - |2) Go to Cart      |
[main] 2021-08-19 16:09:19 INFO  com.app.Main  - |3) Check Order     |
[main] 2021-08-19 16:09:19 INFO  com.app.Main  - |4) Logout          |
[main] 2021-08-19 16:09:19 INFO  com.app.Main  - |___________________|
[main] 2021-08-19 16:09:19 INFO  com.app.Main  - |Enter your choice  |
[main] 2021-08-19 16:10:01 INFO  com.app.Main  - List of Products Are listed Below...
[main] 2021-08-19 16:10:01 INFO  com.app.Main  - Product [id=1, productName=Televison, productPrice=3000.0]
[main] 2021-08-19 16:10:01 INFO  com.app.Main  - List of Products Are listed Below...
[main] 2021-08-19 16:10:01 INFO  com.app.Main  - Product [id=2, productName=Laptop, productPrice=3000.0]
[main] 2021-08-19 16:10:01 INFO  com.app.Main  - List of Products Are listed Below...
[main] 2021-08-19 16:10:01 INFO  com.app.Main  - Product [id=3, productName=refrigarator, productPrice=3000.0]
[main] 2021-08-19 16:10:01 INFO  com.app.Main  - 
   Welcome to Maine Menu of App
[main] 2021-08-19 16:10:01 INFO  com.app.Main  - =========================================
[main] 2021-08-19 16:10:01 INFO  com.app.Main  - |1) View Products   |
[main] 2021-08-19 16:10:01 INFO  com.app.Main  - |2) Go to Cart      |
[main] 2021-08-19 16:10:01 INFO  com.app.Main  - |3) Check Order     |
[main] 2021-08-19 16:10:01 INFO  com.app.Main  - |4) Logout          |
[main] 2021-08-19 16:10:01 INFO  com.app.Main  - |___________________|
[main] 2021-08-19 16:10:01 INFO  com.app.Main  - |Enter your choice  |
[main] 2021-08-19 16:10:39 INFO  com.app.Main  - 
 Welcome To Reliable Online shopping Menu Driven Console Based App 
[main] 2021-08-19 16:10:39 INFO  com.app.Main  - ========================================================================
[main] 2021-08-19 16:10:39 INFO  com.app.Main  -  ________________________________
[main] 2021-08-19 16:10:39 INFO  com.app.Main  - |1) login as customer            |
[main] 2021-08-19 16:10:39 INFO  com.app.Main  - |2) Login as Employee            |
[main] 2021-08-19 16:10:39 INFO  com.app.Main  - |3) New User.? Register yourself |
[main] 2021-08-19 16:10:39 INFO  com.app.Main  - |4) Exit                         |
[main] 2021-08-19 16:10:39 INFO  com.app.Main  - |________________________________|
[main] 2021-08-19 16:10:39 INFO  com.app.Main  - Please enter your choice Between (1-4)
[main] 2021-08-19 16:15:27 INFO  com.app.Main  - Enter your Email
[main] 2021-08-19 16:15:41 INFO  com.app.Main  - Enter your password
[main] 2021-08-19 16:15:48 INFO  com.app.Main  - 
   Welcome to Main Menu of App
[main] 2021-08-19 16:15:48 INFO  com.app.Main  - =========================================
[main] 2021-08-19 16:15:48 INFO  com.app.Main  - |1) View Products   |
[main] 2021-08-19 16:15:48 INFO  com.app.Main  - |2) Go to Cart      |
[main] 2021-08-19 16:15:48 INFO  com.app.Main  - |3) Check Order     |
[main] 2021-08-19 16:15:48 INFO  com.app.Main  - |4) Logout          |
[main] 2021-08-19 16:15:48 INFO  com.app.Main  - |___________________|
[main] 2021-08-19 16:15:48 INFO  com.app.Main  - |Enter your choice  |
[main] 2021-08-19 16:15:56 INFO  com.app.Main  - List of Products Are listed Below...
[main] 2021-08-19 16:15:56 INFO  com.app.Main  - Product [id=1, productName=Televison, productPrice=3000.0]
[main] 2021-08-19 16:15:56 INFO  com.app.Main  - Product [id=2, productName=Laptop, productPrice=3000.0]
[main] 2021-08-19 16:15:56 INFO  com.app.Main  - Product [id=3, productName=refrigarator, productPrice=3000.0]
[main] 2021-08-19 16:15:56 INFO  com.app.Main  - 
   Welcome to Main Menu of App
[main] 2021-08-19 16:15:56 INFO  com.app.Main  - =========================================
[main] 2021-08-19 16:15:56 INFO  com.app.Main  - |1) View Products   |
[main] 2021-08-19 16:15:56 INFO  com.app.Main  - |2) Go to Cart      |
[main] 2021-08-19 16:15:56 INFO  com.app.Main  - |3) Check Order     |
[main] 2021-08-19 16:15:56 INFO  com.app.Main  - |4) Logout          |
[main] 2021-08-19 16:15:56 INFO  com.app.Main  - |___________________|
[main] 2021-08-19 16:15:56 INFO  com.app.Main  - |Enter your choice  |
[main] 2021-08-19 16:31:01 INFO  com.app.Main  - Logout Successfully
[main] 2021-08-19 16:31:01 INFO  com.app.Main  - 
 Welcome To Reliable Online shopping Menu Driven Console Based App 
[main] 2021-08-19 16:31:01 INFO  com.app.Main  - ========================================================================
[main] 2021-08-19 16:31:01 INFO  com.app.Main  -  ________________________________
[main] 2021-08-19 16:31:01 INFO  com.app.Main  - |1) login as customer            |
[main] 2021-08-19 16:31:01 INFO  com.app.Main  - |2) Login as Employee            |
[main] 2021-08-19 16:31:01 INFO  com.app.Main  - |3) New User.? Register yourself |
[main] 2021-08-19 16:31:01 INFO  com.app.Main  - |4) Exit                         |
[main] 2021-08-19 16:31:01 INFO  com.app.Main  - |________________________________|
[main] 2021-08-19 16:31:01 INFO  com.app.Main  - Please enter your choice Between (1-4)
[main] 2021-08-19 16:31:10 INFO  com.app.Main  - Thanks For using this We'll See you soon
[main] 2021-08-19 20:37:18 INFO  com.app.Main  - 
 Welcome To Reliable Online shopping Menu Driven Console Based App 
[main] 2021-08-19 20:37:18 INFO  com.app.Main  - ========================================================================
[main] 2021-08-19 20:37:18 INFO  com.app.Main  -  ________________________________
[main] 2021-08-19 20:37:18 INFO  com.app.Main  - |1) login as customer            |
[main] 2021-08-19 20:37:18 INFO  com.app.Main  - |2) Login as Employee            |
[main] 2021-08-19 20:37:18 INFO  com.app.Main  - |3) New User.? Register yourself |
[main] 2021-08-19 20:37:18 INFO  com.app.Main  - |4) Exit                         |
[main] 2021-08-19 20:37:18 INFO  com.app.Main  - |________________________________|
[main] 2021-08-19 20:37:18 INFO  com.app.Main  - Please enter your choice Between (1-4)
[main] 2021-08-19 20:37:31 INFO  com.app.Main  - 
 Enter your Name 
[main] 2021-08-19 20:37:42 INFO  com.app.Main  - 
 Enter Your Email
[main] 2021-08-19 20:37:59 INFO  com.app.Main  - 
 Set Password 
[main] 2021-08-19 20:38:25 ERROR com.app.dao.impl.AddCustomerDAOImpl  - java.sql.SQLException: No value specified for parameter 3
[main] 2021-08-19 20:38:25 WARN  com.app.Main  - Internal error occured contact sysadmin
[main] 2021-08-19 20:38:25 INFO  com.app.Main  - 
 Welcome To Reliable Online shopping Menu Driven Console Based App 
[main] 2021-08-19 20:38:25 INFO  com.app.Main  - ========================================================================
[main] 2021-08-19 20:38:25 INFO  com.app.Main  -  ________________________________
[main] 2021-08-19 20:38:25 INFO  com.app.Main  - |1) login as customer            |
[main] 2021-08-19 20:38:25 INFO  com.app.Main  - |2) Login as Employee            |
[main] 2021-08-19 20:38:25 INFO  com.app.Main  - |3) New User.? Register yourself |
[main] 2021-08-19 20:38:25 INFO  com.app.Main  - |4) Exit                         |
[main] 2021-08-19 20:38:25 INFO  com.app.Main  - |________________________________|
[main] 2021-08-19 20:38:25 INFO  com.app.Main  - Please enter your choice Between (1-4)
[main] 2021-08-19 20:40:40 INFO  com.app.Main  - 
 Welcome To Reliable Online shopping Menu Driven Console Based App 
[main] 2021-08-19 20:40:40 INFO  com.app.Main  - ========================================================================
[main] 2021-08-19 20:40:40 INFO  com.app.Main  -  ________________________________
[main] 2021-08-19 20:40:40 INFO  com.app.Main  - |1) login as customer            |
[main] 2021-08-19 20:40:40 INFO  com.app.Main  - |2) Login as Employee            |
[main] 2021-08-19 20:40:40 INFO  com.app.Main  - |3) New User.? Register yourself |
[main] 2021-08-19 20:40:40 INFO  com.app.Main  - |4) Exit                         |
[main] 2021-08-19 20:40:40 INFO  com.app.Main  - |________________________________|
[main] 2021-08-19 20:40:40 INFO  com.app.Main  - Please enter your choice Between (1-4)
[main] 2021-08-19 20:40:51 INFO  com.app.Main  - 
 Enter your Name 
[main] 2021-08-19 20:41:00 INFO  com.app.Main  - 
 Enter Your Email
[main] 2021-08-19 20:41:14 INFO  com.app.Main  - 
 Set Password 
[main] 2021-08-19 20:41:37 ERROR com.app.dao.impl.AddCustomerDAOImpl  - java.sql.SQLException: Field 'customer_id' doesn't have a default value
[main] 2021-08-19 20:41:37 WARN  com.app.Main  - Internal error occured contact sysadmin
[main] 2021-08-19 20:41:37 INFO  com.app.Main  - 
 Welcome To Reliable Online shopping Menu Driven Console Based App 
[main] 2021-08-19 20:41:37 INFO  com.app.Main  - ========================================================================
[main] 2021-08-19 20:41:37 INFO  com.app.Main  -  ________________________________
[main] 2021-08-19 20:41:37 INFO  com.app.Main  - |1) login as customer            |
[main] 2021-08-19 20:41:37 INFO  com.app.Main  - |2) Login as Employee            |
[main] 2021-08-19 20:41:37 INFO  com.app.Main  - |3) New User.? Register yourself |
[main] 2021-08-19 20:41:37 INFO  com.app.Main  - |4) Exit                         |
[main] 2021-08-19 20:41:37 INFO  com.app.Main  - |________________________________|
[main] 2021-08-19 20:41:37 INFO  com.app.Main  - Please enter your choice Between (1-4)
[main] 2021-08-19 20:49:33 INFO  com.app.Main  - 
 Welcome To Reliable Online shopping Menu Driven Console Based App 
[main] 2021-08-19 20:49:33 INFO  com.app.Main  - ========================================================================
[main] 2021-08-19 20:49:33 INFO  com.app.Main  -  ________________________________
[main] 2021-08-19 20:49:33 INFO  com.app.Main  - |1) login as customer            |
[main] 2021-08-19 20:49:33 INFO  com.app.Main  - |2) Login as Employee            |
[main] 2021-08-19 20:49:33 INFO  com.app.Main  - |3) New User.? Register yourself |
[main] 2021-08-19 20:49:33 INFO  com.app.Main  - |4) Exit                         |
[main] 2021-08-19 20:49:33 INFO  com.app.Main  - |________________________________|
[main] 2021-08-19 20:49:33 INFO  com.app.Main  - Please enter your choice Between (1-4)
[main] 2021-08-19 20:49:54 INFO  com.app.Main  - 
 Enter your Name 
[main] 2021-08-19 20:50:02 INFO  com.app.Main  - 
 Enter Your Email
[main] 2021-08-19 20:50:10 INFO  com.app.Main  - 
 Set Password 
[main] 2021-08-19 20:50:24 INFO  com.app.Main  - Registered Successfully
[main] 2021-08-19 20:50:24 INFO  com.app.Main  - 
 Welcome To Reliable Online shopping Menu Driven Console Based App 
[main] 2021-08-19 20:50:24 INFO  com.app.Main  - ========================================================================
[main] 2021-08-19 20:50:24 INFO  com.app.Main  -  ________________________________
[main] 2021-08-19 20:50:24 INFO  com.app.Main  - |1) login as customer            |
[main] 2021-08-19 20:50:24 INFO  com.app.Main  - |2) Login as Employee            |
[main] 2021-08-19 20:50:24 INFO  com.app.Main  - |3) New User.? Register yourself |
[main] 2021-08-19 20:50:24 INFO  com.app.Main  - |4) Exit                         |
[main] 2021-08-19 20:50:24 INFO  com.app.Main  - |________________________________|
[main] 2021-08-19 20:50:24 INFO  com.app.Main  - Please enter your choice Between (1-4)
[main] 2021-08-19 23:32:44 INFO  com.app.Main  - 
 Welcome To Reliable Online shopping Menu Driven Console Based App 
[main] 2021-08-19 23:32:44 INFO  com.app.Main  - ========================================================================
[main] 2021-08-19 23:32:44 INFO  com.app.Main  -  ________________________________
[main] 2021-08-19 23:32:44 INFO  com.app.Main  - |1) login as customer            |
[main] 2021-08-19 23:32:44 INFO  com.app.Main  - |2) Login as Employee            |
[main] 2021-08-19 23:32:44 INFO  com.app.Main  - |3) New User.? Register yourself |
[main] 2021-08-19 23:32:44 INFO  com.app.Main  - |4) Exit                         |
[main] 2021-08-19 23:32:44 INFO  com.app.Main  - |________________________________|
[main] 2021-08-19 23:32:44 INFO  com.app.Main  - Please enter your choice Between (1-4)
[main] 2021-08-19 23:33:13 INFO  com.app.Main  - Enter your Email
[main] 2021-08-19 23:33:28 INFO  com.app.Main  - Invalid Email ID
[main] 2021-08-19 23:33:28 INFO  com.app.Main  - 
 Welcome To Reliable Online shopping Menu Driven Console Based App 
[main] 2021-08-19 23:33:28 INFO  com.app.Main  - ========================================================================
[main] 2021-08-19 23:33:28 INFO  com.app.Main  -  ________________________________
[main] 2021-08-19 23:33:28 INFO  com.app.Main  - |1) login as customer            |
[main] 2021-08-19 23:33:28 INFO  com.app.Main  - |2) Login as Employee            |
[main] 2021-08-19 23:33:28 INFO  com.app.Main  - |3) New User.? Register yourself |
[main] 2021-08-19 23:33:28 INFO  com.app.Main  - |4) Exit                         |
[main] 2021-08-19 23:33:28 INFO  com.app.Main  - |________________________________|
[main] 2021-08-19 23:33:28 INFO  com.app.Main  - Please enter your choice Between (1-4)
[main] 2021-08-19 23:33:37 INFO  com.app.Main  - Enter your Email
[main] 2021-08-19 23:33:45 INFO  com.app.Main  - Enter your password
[main] 2021-08-19 23:33:49 INFO  com.app.Main  - 
   Welcome to Main Menu of App
[main] 2021-08-19 23:33:49 INFO  com.app.Main  - =========================================
[main] 2021-08-19 23:33:49 INFO  com.app.Main  - |1) View Products           |
[main] 2021-08-19 23:33:49 INFO  com.app.Main  - |2) Go to Cart              |
[main] 2021-08-19 23:33:49 INFO  com.app.Main  - |3) Check Order             |
[main] 2021-08-19 23:33:49 INFO  com.app.Main  - |4) Logout                  |
[main] 2021-08-19 23:33:49 INFO  com.app.Main  - |___________________________|
[main] 2021-08-19 23:33:49 INFO  com.app.Main  -  Enter your choice  
[main] 2021-08-19 23:34:02 INFO  com.app.Main  - List of Products Are listed Below...
[main] 2021-08-19 23:34:02 INFO  com.app.Main  - Product [id=1, productName=Televison, productPrice=3000.0]
[main] 2021-08-19 23:34:02 INFO  com.app.Main  - Product [id=2, productName=Laptop, productPrice=3000.0]
[main] 2021-08-19 23:34:02 INFO  com.app.Main  - Product [id=3, productName=refrigarator, productPrice=3000.0]
[main] 2021-08-19 23:34:02 INFO  com.app.Main  -  
 1) Add product to Cart
[main] 2021-08-19 23:34:02 INFO  com.app.Main  -  
 2) Exit to Maine Menu 
[main] 2021-08-19 23:34:02 INFO  com.app.Main  -  
  Choose the Option     
[main] 2021-08-20 07:37:10 INFO  com.app.Main  - 
 Welcome To Reliable Online shopping Menu Driven Console Based App 
[main] 2021-08-20 07:37:10 INFO  com.app.Main  - ========================================================================
[main] 2021-08-20 07:37:10 INFO  com.app.Main  -  ________________________________
[main] 2021-08-20 07:37:10 INFO  com.app.Main  - |1) login as customer            |
[main] 2021-08-20 07:37:10 INFO  com.app.Main  - |2) Login as Employee            |
[main] 2021-08-20 07:37:10 INFO  com.app.Main  - |3) New User.? Register yourself |
[main] 2021-08-20 07:37:10 INFO  com.app.Main  - |4) Exit                         |
[main] 2021-08-20 07:37:10 INFO  com.app.Main  - |________________________________|
[main] 2021-08-20 07:37:10 INFO  com.app.Main  - Please enter your choice Between (1-4)
[main] 2021-08-20 07:37:28 INFO  com.app.Main  - Enter your Email
[main] 2021-08-20 07:37:55 INFO  com.app.Main  - Enter your password
[main] 2021-08-20 07:38:29 ERROR com.app.dao.impl.CustomerLoginDAOImpl  - java.sql.SQLSyntaxErrorException: Unknown column 'customer_id' in 'field list'
[main] 2021-08-20 07:38:29 WARN  com.app.Main  - Invalid Email Id or Password
[main] 2021-08-20 07:38:29 INFO  com.app.Main  - 
 Welcome To Reliable Online shopping Menu Driven Console Based App 
[main] 2021-08-20 07:38:29 INFO  com.app.Main  - ========================================================================
[main] 2021-08-20 07:38:29 INFO  com.app.Main  -  ________________________________
[main] 2021-08-20 07:38:29 INFO  com.app.Main  - |1) login as customer            |
[main] 2021-08-20 07:38:29 INFO  com.app.Main  - |2) Login as Employee            |
[main] 2021-08-20 07:38:29 INFO  com.app.Main  - |3) New User.? Register yourself |
[main] 2021-08-20 07:38:29 INFO  com.app.Main  - |4) Exit                         |
[main] 2021-08-20 07:38:29 INFO  com.app.Main  - |________________________________|
[main] 2021-08-20 07:38:29 INFO  com.app.Main  - Please enter your choice Between (1-4)
[main] 2021-08-20 07:41:14 INFO  com.app.Main  - 
 Welcome To Reliable Online shopping Menu Driven Console Based App 
[main] 2021-08-20 07:41:14 INFO  com.app.Main  - ========================================================================
[main] 2021-08-20 07:41:14 INFO  com.app.Main  -  ________________________________
[main] 2021-08-20 07:41:14 INFO  com.app.Main  - |1) login as customer            |
[main] 2021-08-20 07:41:14 INFO  com.app.Main  - |2) Login as Employee            |
[main] 2021-08-20 07:41:14 INFO  com.app.Main  - |3) New User.? Register yourself |
[main] 2021-08-20 07:41:14 INFO  com.app.Main  - |4) Exit                         |
[main] 2021-08-20 07:41:14 INFO  com.app.Main  - |________________________________|
[main] 2021-08-20 07:41:14 INFO  com.app.Main  - Please enter your choice Between (1-4)
[main] 2021-08-20 07:41:19 INFO  com.app.Main  - Enter your Email
[main] 2021-08-20 07:41:30 INFO  com.app.Main  - Enter your password
[main] 2021-08-20 07:41:57 ERROR com.app.dao.impl.CustomerLoginDAOImpl  - java.sql.SQLSyntaxErrorException: Unknown column 'name' in 'field list'
[main] 2021-08-20 07:41:57 WARN  com.app.Main  - Invalid Email Id or Password
[main] 2021-08-20 07:41:57 INFO  com.app.Main  - 
 Welcome To Reliable Online shopping Menu Driven Console Based App 
[main] 2021-08-20 07:41:57 INFO  com.app.Main  - ========================================================================
[main] 2021-08-20 07:41:57 INFO  com.app.Main  -  ________________________________
[main] 2021-08-20 07:41:57 INFO  com.app.Main  - |1) login as customer            |
[main] 2021-08-20 07:41:57 INFO  com.app.Main  - |2) Login as Employee            |
[main] 2021-08-20 07:41:57 INFO  com.app.Main  - |3) New User.? Register yourself |
[main] 2021-08-20 07:41:57 INFO  com.app.Main  - |4) Exit                         |
[main] 2021-08-20 07:41:57 INFO  com.app.Main  - |________________________________|
[main] 2021-08-20 07:41:57 INFO  com.app.Main  - Please enter your choice Between (1-4)
[main] 2021-08-20 07:44:34 INFO  com.app.Main  - 
 Welcome To Reliable Online shopping Menu Driven Console Based App 
[main] 2021-08-20 07:44:34 INFO  com.app.Main  - ========================================================================
[main] 2021-08-20 07:44:34 INFO  com.app.Main  -  ________________________________
[main] 2021-08-20 07:44:34 INFO  com.app.Main  - |1) login as customer            |
[main] 2021-08-20 07:44:34 INFO  com.app.Main  - |2) Login as Employee            |
[main] 2021-08-20 07:44:34 INFO  com.app.Main  - |3) New User.? Register yourself |
[main] 2021-08-20 07:44:34 INFO  com.app.Main  - |4) Exit                         |
[main] 2021-08-20 07:44:34 INFO  com.app.Main  - |________________________________|
[main] 2021-08-20 07:44:34 INFO  com.app.Main  - Please enter your choice Between (1-4)
[main] 2021-08-20 07:44:39 INFO  com.app.Main  - Enter your Email
[main] 2021-08-20 07:44:46 INFO  com.app.Main  - Enter your password
[main] 2021-08-20 07:44:57 INFO  com.app.service.impl.CustomerLoginServiceImpl  - Invalid Email Credential Ending with @GMAIL.COM 
[main] 2021-08-20 07:44:57 INFO  com.app.Main  - 
 Welcome To Reliable Online shopping Menu Driven Console Based App 
[main] 2021-08-20 07:44:57 INFO  com.app.Main  - ========================================================================
[main] 2021-08-20 07:44:57 INFO  com.app.Main  -  ________________________________
[main] 2021-08-20 07:44:57 INFO  com.app.Main  - |1) login as customer            |
[main] 2021-08-20 07:44:57 INFO  com.app.Main  - |2) Login as Employee            |
[main] 2021-08-20 07:44:57 INFO  com.app.Main  - |3) New User.? Register yourself |
[main] 2021-08-20 07:44:57 INFO  com.app.Main  - |4) Exit                         |
[main] 2021-08-20 07:44:57 INFO  com.app.Main  - |________________________________|
[main] 2021-08-20 07:44:57 INFO  com.app.Main  - Please enter your choice Between (1-4)
[main] 2021-08-20 07:45:28 INFO  com.app.Main  - Enter your Email
[main] 2021-08-20 07:45:36 INFO  com.app.Main  - Enter your password
[main] 2021-08-20 07:45:41 INFO  com.app.service.impl.CustomerLoginServiceImpl  - Invalid password 
[main] 2021-08-20 07:45:41 INFO  com.app.Main  - 
 Welcome To Reliable Online shopping Menu Driven Console Based App 
[main] 2021-08-20 07:45:41 INFO  com.app.Main  - ========================================================================
[main] 2021-08-20 07:45:41 INFO  com.app.Main  -  ________________________________
[main] 2021-08-20 07:45:41 INFO  com.app.Main  - |1) login as customer            |
[main] 2021-08-20 07:45:41 INFO  com.app.Main  - |2) Login as Employee            |
[main] 2021-08-20 07:45:41 INFO  com.app.Main  - |3) New User.? Register yourself |
[main] 2021-08-20 07:45:41 INFO  com.app.Main  - |4) Exit                         |
[main] 2021-08-20 07:45:41 INFO  com.app.Main  - |________________________________|
[main] 2021-08-20 07:45:41 INFO  com.app.Main  - Please enter your choice Between (1-4)
[main] 2021-08-20 07:47:00 INFO  com.app.Main  - 
 Welcome To Reliable Online shopping Menu Driven Console Based App 
[main] 2021-08-20 07:47:00 INFO  com.app.Main  - ========================================================================
[main] 2021-08-20 07:47:00 INFO  com.app.Main  -  ________________________________
[main] 2021-08-20 07:47:00 INFO  com.app.Main  - |1) login as customer            |
[main] 2021-08-20 07:47:00 INFO  com.app.Main  - |2) Login as Employee            |
[main] 2021-08-20 07:47:00 INFO  com.app.Main  - |3) New User.? Register yourself |
[main] 2021-08-20 07:47:00 INFO  com.app.Main  - |4) Exit                         |
[main] 2021-08-20 07:47:00 INFO  com.app.Main  - |________________________________|
[main] 2021-08-20 07:47:00 INFO  com.app.Main  - Please enter your choice Between (1-4)
[main] 2021-08-20 07:47:03 INFO  com.app.Main  - Enter your Email
[main] 2021-08-20 07:47:17 INFO  com.app.Main  - Enter your password
[main] 2021-08-20 07:48:03 ERROR com.app.dao.impl.CustomerLoginDAOImpl  - java.sql.SQLException: Parameter index out of range (1 > number of parameters, which is 0).
[main] 2021-08-20 07:48:03 WARN  com.app.Main  - Invalid Email Id or Password
[main] 2021-08-20 07:48:03 INFO  com.app.Main  - 
 Welcome To Reliable Online shopping Menu Driven Console Based App 
[main] 2021-08-20 07:48:03 INFO  com.app.Main  - ========================================================================
[main] 2021-08-20 07:48:03 INFO  com.app.Main  -  ________________________________
[main] 2021-08-20 07:48:03 INFO  com.app.Main  - |1) login as customer            |
[main] 2021-08-20 07:48:03 INFO  com.app.Main  - |2) Login as Employee            |
[main] 2021-08-20 07:48:03 INFO  com.app.Main  - |3) New User.? Register yourself |
[main] 2021-08-20 07:48:03 INFO  com.app.Main  - |4) Exit                         |
[main] 2021-08-20 07:48:03 INFO  com.app.Main  - |________________________________|
[main] 2021-08-20 07:48:03 INFO  com.app.Main  - Please enter your choice Between (1-4)
[main] 2021-08-20 07:54:00 INFO  com.app.Main  - 
 Welcome To Reliable Online shopping Menu Driven Console Based App 
[main] 2021-08-20 07:54:00 INFO  com.app.Main  - ========================================================================
[main] 2021-08-20 07:54:00 INFO  com.app.Main  -  ________________________________
[main] 2021-08-20 07:54:00 INFO  com.app.Main  - |1) login as customer            |
[main] 2021-08-20 07:54:00 INFO  com.app.Main  - |2) Login as Employee            |
[main] 2021-08-20 07:54:00 INFO  com.app.Main  - |3) New User.? Register yourself |
[main] 2021-08-20 07:54:00 INFO  com.app.Main  - |4) Exit                         |
[main] 2021-08-20 07:54:00 INFO  com.app.Main  - |________________________________|
[main] 2021-08-20 07:54:00 INFO  com.app.Main  - Please enter your choice Between (1-4)
[main] 2021-08-20 07:54:05 INFO  com.app.Main  - Enter your Email
[main] 2021-08-20 07:54:12 INFO  com.app.Main  - Enter your password
[main] 2021-08-20 07:54:15 INFO  com.app.Main  - 
 Logged in Succesfulluy
[main] 2021-08-20 07:54:15 INFO  com.app.Main  - 
   Welcome to Main Menu of App
[main] 2021-08-20 07:54:15 INFO  com.app.Main  - =========================================
[main] 2021-08-20 07:54:15 INFO  com.app.Main  - |1) View Products           |
[main] 2021-08-20 07:54:15 INFO  com.app.Main  - |2) Go to Cart              |
[main] 2021-08-20 07:54:15 INFO  com.app.Main  - |3) Check Order             |
[main] 2021-08-20 07:54:15 INFO  com.app.Main  - |4) Logout                  |
[main] 2021-08-20 07:54:15 INFO  com.app.Main  - |___________________________|
[main] 2021-08-20 07:54:15 INFO  com.app.Main  -  Enter your choice  
[main] 2021-08-20 07:54:25 INFO  com.app.Main  - 
List of Products Are listed Below...
[main] 2021-08-20 07:54:25 INFO  com.app.Main  - Product [id=1, productName=Televison, productPrice=3000.0]
[main] 2021-08-20 07:54:25 INFO  com.app.Main  - Product [id=2, productName=Laptop, productPrice=3000.0]
[main] 2021-08-20 07:54:25 INFO  com.app.Main  - Product [id=3, productName=refrigarator, productPrice=3000.0]
[main] 2021-08-20 07:54:25 INFO  com.app.Main  -  
 1) Add product to Cart
[main] 2021-08-20 07:54:25 INFO  com.app.Main  -  
 2) Exit to Maine Menu 
[main] 2021-08-20 07:54:25 INFO  com.app.Main  -  
  Choose the Option     
[main] 2021-08-20 09:37:33 INFO  com.app.Main  - 
 Welcome To Reliable Online shopping Menu Driven Console Based App 
[main] 2021-08-20 09:37:33 INFO  com.app.Main  - ========================================================================
[main] 2021-08-20 09:37:33 INFO  com.app.Main  -  ________________________________
[main] 2021-08-20 09:37:33 INFO  com.app.Main  - |1) login as customer            |
[main] 2021-08-20 09:37:33 INFO  com.app.Main  - |2) Login as Employee            |
[main] 2021-08-20 09:37:33 INFO  com.app.Main  - |3) New User.? Register yourself |
[main] 2021-08-20 09:37:33 INFO  com.app.Main  - |4) Exit                         |
[main] 2021-08-20 09:37:33 INFO  com.app.Main  - |________________________________|
[main] 2021-08-20 09:37:33 INFO  com.app.Main  - Please enter your choice Between (1-4)
[main] 2021-08-20 09:37:48 INFO  com.app.Main  - Enter your Email
[main] 2021-08-20 09:37:55 INFO  com.app.Main  - Enter your password
[main] 2021-08-20 09:38:26 ERROR com.app.dao.impl.CustomerLoginDAOImpl  - java.sql.SQLException: Parameter index out of range (1 > number of parameters, which is 0).
[main] 2021-08-20 09:38:26 WARN  com.app.Main  - Invalid Email Id or Password
[main] 2021-08-20 09:38:26 INFO  com.app.Main  - 
 Welcome To Reliable Online shopping Menu Driven Console Based App 
[main] 2021-08-20 09:38:26 INFO  com.app.Main  - ========================================================================
[main] 2021-08-20 09:38:26 INFO  com.app.Main  -  ________________________________
[main] 2021-08-20 09:38:26 INFO  com.app.Main  - |1) login as customer            |
[main] 2021-08-20 09:38:26 INFO  com.app.Main  - |2) Login as Employee            |
[main] 2021-08-20 09:38:26 INFO  com.app.Main  - |3) New User.? Register yourself |
[main] 2021-08-20 09:38:26 INFO  com.app.Main  - |4) Exit                         |
[main] 2021-08-20 09:38:26 INFO  com.app.Main  - |________________________________|
[main] 2021-08-20 09:38:26 INFO  com.app.Main  - Please enter your choice Between (1-4)
[main] 2021-08-20 10:39:17 INFO  com.app.Main  - 
 Welcome To Reliable Online shopping Menu Driven Console Based App 
[main] 2021-08-20 10:39:17 INFO  com.app.Main  - ========================================================================
[main] 2021-08-20 10:39:17 INFO  com.app.Main  -  ________________________________
[main] 2021-08-20 10:39:17 INFO  com.app.Main  - |1) login as customer            |
[main] 2021-08-20 10:39:17 INFO  com.app.Main  - |2) Login as Employee            |
[main] 2021-08-20 10:39:17 INFO  com.app.Main  - |3) New User.? Register yourself |
[main] 2021-08-20 10:39:17 INFO  com.app.Main  - |4) Exit                         |
[main] 2021-08-20 10:39:17 INFO  com.app.Main  - |________________________________|
[main] 2021-08-20 10:39:17 INFO  com.app.Main  - Please enter your choice Between (1-4)
[main] 2021-08-20 10:39:38 INFO  com.app.Main  - Enter Employee Id
[main] 2021-08-20 10:39:41 INFO  com.app.Main  - Enter your password
[main] 2021-08-20 10:39:44 INFO  com.app.Main  - 
                Welcome to Employee Menu        
[main] 2021-08-20 10:39:44 INFO  com.app.Main  -  ==========================================================
[main] 2021-08-20 10:39:44 INFO  com.app.Main  - |1) Add a New Product                 |
[main] 2021-08-20 10:39:44 INFO  com.app.Main  - |2) Search Existing Customer          |
[main] 2021-08-20 10:39:44 INFO  com.app.Main  - |3) Logout                            |
[main] 2021-08-20 10:39:44 INFO  com.app.Main  - _______________________________________
[main] 2021-08-20 10:39:44 INFO  com.app.Main  -          Enter your choice             
[main] 2021-08-20 10:39:51 INFO  com.app.Main  - 
Enter the Customer_id
[main] 2021-08-20 11:27:51 INFO  com.app.Main  - 
 Welcome To Reliable Online shopping Menu Driven Console Based App 
[main] 2021-08-20 11:27:51 INFO  com.app.Main  - ========================================================================
[main] 2021-08-20 11:27:51 INFO  com.app.Main  -  ________________________________
[main] 2021-08-20 11:27:51 INFO  com.app.Main  - |1) login as customer            |
[main] 2021-08-20 11:27:51 INFO  com.app.Main  - |2) Login as Employee            |
[main] 2021-08-20 11:27:51 INFO  com.app.Main  - |3) New User.? Register yourself |
[main] 2021-08-20 11:27:51 INFO  com.app.Main  - |4) Exit                         |
[main] 2021-08-20 11:27:51 INFO  com.app.Main  - |________________________________|
[main] 2021-08-20 11:27:51 INFO  com.app.Main  - Please enter your choice Between (1-4)
